# JRE version: OpenJDK Runtime Environment (8.0_202) (build 1.8.0_202-release-1483-b49-5587405)
# Java VM: OpenJDK 64-Bit Server VM (25.202-b49-5587405 mixed mode bsd-amd64 compressed oops)
Heap:
 PSYoungGen      total 136192K, used 115403K [0x00000007e5d80000, 0x00000007f0480000, 0x00000007f0800000)
  eden space 102400K, 100% used [0x00000007e5d80000,0x00000007ec180000,0x00000007ec180000)
  from space 33792K, 38% used [0x00000007ee380000,0x00000007ef032ea0,0x00000007f0480000)
  to   space 34304K, 59% used [0x00000007ec180000,0x00000007ed55f028,0x00000007ee300000)
 ParOldGen       total 195072K, used 98656K [0x00000007d0800000, 0x00000007dc680000, 0x00000007e5d80000)
  object space 195072K, 50% used [0x00000007d0800000,0x00000007d6858268,0x00000007dc680000)
 Metaspace       used 98309K, capacity 105902K, committed 106136K, reserved 1140736K
  class space    used 12643K, capacity 14473K, committed 14512K, reserved 1048576K
GC Heap History (10 events):
Event: 850.394 GC heap after
Heap after GC invocations=30 (full 3):
 PSYoungGen      total 126464K, used 24967K [0x00000007e5d80000, 0x00000007f0680000, 0x00000007f0800000)
  eden space 101376K, 0% used [0x00000007e5d80000,0x00000007e5d80000,0x00000007ec080000)
  from space 25088K, 99% used [0x00000007ec380000,0x00000007edbe1d00,0x00000007edc00000)
  to   space 35840K, 0% used [0x00000007ee380000,0x00000007ee380000,0x00000007f0680000)
 ParOldGen       total 175104K, used 94999K [0x00000007d0800000, 0x00000007db300000, 0x00000007e5d80000)
  object space 175104K, 54% used [0x00000007d0800000,0x00000007d64c5f50,0x00000007db300000)
 Metaspace       used 85845K, capacity 91474K, committed 91672K, reserved 1128448K
  class space    used 11029K, capacity 12309K, committed 12336K, reserved 1048576K
}
Event: 851.190 GC heap before
{Heap before GC invocations=31 (full 3):
 PSYoungGen      total 126464K, used 126343K [0x00000007e5d80000, 0x00000007f0680000, 0x00000007f0800000)
  eden space 101376K, 100% used [0x00000007e5d80000,0x00000007ec080000,0x00000007ec080000)
  from space 25088K, 99% used [0x00000007ec380000,0x00000007edbe1d00,0x00000007edc00000)
  to   space 35840K, 0% used [0x00000007ee380000,0x00000007ee380000,0x00000007f0680000)
 ParOldGen       total 175104K, used 94999K [0x00000007d0800000, 0x00000007db300000, 0x00000007e5d80000)
  object space 175104K, 54% used [0x00000007d0800000,0x00000007d64c5f50,0x00000007db300000)
 Metaspace       used 85851K, capacity 91474K, committed 91672K, reserved 1128448K
  class space    used 11029K, capacity 12309K, committed 12336K, reserved 1048576K
Event: 851.226 GC heap after
Heap after GC invocations=31 (full 3):
 PSYoungGen      total 136192K, used 24458K [0x00000007e5d80000, 0x00000007f0800000, 0x00000007f0800000)
  eden space 100352K, 0% used [0x00000007e5d80000,0x00000007e5d80000,0x00000007ebf80000)
  from space 35840K, 68% used [0x00000007ee380000,0x00000007efb62af0,0x00000007f0680000)
  to   space 36864K, 0% used [0x00000007ebf80000,0x00000007ebf80000,0x00000007ee380000)
 ParOldGen       total 175104K, used 94999K [0x00000007d0800000, 0x00000007db300000, 0x00000007e5d80000)
  object space 175104K, 54% used [0x00000007d0800000,0x00000007d64c5f50,0x00000007db300000)
 Metaspace       used 85851K, capacity 91474K, committed 91672K, reserved 1128448K
  class space    used 11029K, capacity 12309K, committed 12336K, reserved 1048576K
}
Event: 852.730 GC heap before
{Heap before GC invocations=32 (full 3):
 PSYoungGen      total 136192K, used 111896K [0x00000007e5d80000, 0x00000007f0800000, 0x00000007f0800000)
  eden space 100352K, 87% used [0x00000007e5d80000,0x00000007eb2e3680,0x00000007ebf80000)
  from space 35840K, 68% used [0x00000007ee380000,0x00000007efb62af0,0x00000007f0680000)
  to   space 36864K, 0% used [0x00000007ebf80000,0x00000007ebf80000,0x00000007ee380000)
 ParOldGen       total 175104K, used 94999K [0x00000007d0800000, 0x00000007db300000, 0x00000007e5d80000)
  object space 175104K, 54% used [0x00000007d0800000,0x00000007d64c5f50,0x00000007db300000)
 Metaspace       used 92560K, capacity 98516K, committed 98600K, reserved 1134592K
  class space    used 11829K, capacity 13187K, committed 13232K, reserved 1048576K
Event: 852.774 GC heap after
Heap after GC invocations=32 (full 3):
 PSYoungGen      total 137216K, used 19007K [0x00000007e5d80000, 0x00000007f0600000, 0x00000007f0800000)
  eden space 100352K, 0% used [0x00000007e5d80000,0x00000007e5d80000,0x00000007ebf80000)
  from space 36864K, 51% used [0x00000007ebf80000,0x00000007ed20fe98,0x00000007ee380000)
  to   space 35328K, 0% used [0x00000007ee380000,0x00000007ee380000,0x00000007f0600000)
 ParOldGen       total 175104K, used 111600K [0x00000007d0800000, 0x00000007db300000, 0x00000007e5d80000)
  object space 175104K, 63% used [0x00000007d0800000,0x00000007d74fc370,0x00000007db300000)
 Metaspace       used 92560K, capacity 98516K, committed 98600K, reserved 1134592K
  class space    used 11829K, capacity 13187K, committed 13232K, reserved 1048576K
}
Event: 852.774 GC heap before
{Heap before GC invocations=33 (full 4):
 PSYoungGen      total 137216K, used 19007K [0x00000007e5d80000, 0x00000007f0600000, 0x00000007f0800000)
  eden space 100352K, 0% used [0x00000007e5d80000,0x00000007e5d80000,0x00000007ebf80000)
  from space 36864K, 51% used [0x00000007ebf80000,0x00000007ed20fe98,0x00000007ee380000)
  to   space 35328K, 0% used [0x00000007ee380000,0x00000007ee380000,0x00000007f0600000)
 ParOldGen       total 175104K, used 111600K [0x00000007d0800000, 0x00000007db300000, 0x00000007e5d80000)
  object space 175104K, 63% used [0x00000007d0800000,0x00000007d74fc370,0x00000007db300000)
 Metaspace       used 92560K, capacity 98516K, committed 98600K, reserved 1134592K
  class space    used 11829K, capacity 13187K, committed 13232K, reserved 1048576K
Event: 853.586 GC heap after
Heap after GC invocations=33 (full 4):
 PSYoungGen      total 137216K, used 0K [0x00000007e5d80000, 0x00000007f0600000, 0x00000007f0800000)
  eden space 100352K, 0% used [0x00000007e5d80000,0x00000007e5d80000,0x00000007ebf80000)
  from space 36864K, 0% used [0x00000007ebf80000,0x00000007ebf80000,0x00000007ee380000)
  to   space 35328K, 0% used [0x00000007ee380000,0x00000007ee380000,0x00000007f0600000)
 ParOldGen       total 195072K, used 98640K [0x00000007d0800000, 0x00000007dc680000, 0x00000007e5d80000)
  object space 195072K, 50% used [0x00000007d0800000,0x00000007d6854268,0x00000007dc680000)
 Metaspace       used 92167K, capacity 97734K, committed 98600K, reserved 1134592K
  class space    used 11718K, capacity 12988K, committed 13232K, reserved 1048576K
}
Event: 855.818 GC heap before
{Heap before GC invocations=34 (full 4):
 PSYoungGen      total 137216K, used 100352K [0x00000007e5d80000, 0x00000007f0600000, 0x00000007f0800000)
  eden space 100352K, 100% used [0x00000007e5d80000,0x00000007ebf80000,0x00000007ebf80000)
  from space 36864K, 0% used [0x00000007ebf80000,0x00000007ebf80000,0x00000007ee380000)
  to   space 35328K, 0% used [0x00000007ee380000,0x00000007ee380000,0x00000007f0600000)
 ParOldGen       total 195072K, used 98640K [0x00000007d0800000, 0x00000007dc680000, 0x00000007e5d80000)
  object space 195072K, 50% used [0x00000007d0800000,0x00000007d6854268,0x00000007dc680000)
 Metaspace       used 96168K, capacity 102848K, committed 103064K, reserved 1138688K
  class space    used 12341K, capacity 13913K, committed 14000K, reserved 1048576K
Event: 855.838 GC heap after
Heap after GC invocations=34 (full 4):
 PSYoungGen      total 136192K, used 13003K [0x00000007e5d80000, 0x00000007f0480000, 0x00000007f0800000)
  eden space 102400K, 0% used [0x00000007e5d80000,0x00000007e5d80000,0x00000007ec180000)
  from space 33792K, 38% used [0x00000007ee380000,0x00000007ef032ea0,0x00000007f0480000)
  to   space 34304K, 0% used [0x00000007ec180000,0x00000007ec180000,0x00000007ee300000)
 ParOldGen       total 195072K, used 98648K [0x00000007d0800000, 0x00000007dc680000, 0x00000007e5d80000)
  object space 195072K, 50% used [0x00000007d0800000,0x00000007d6856268,0x00000007dc680000)
 Metaspace       used 96168K, capacity 102848K, committed 103064K, reserved 1138688K
  class space    used 12341K, capacity 13913K, committed 14000K, reserved 1048576K
}
Event: 862.123 GC heap before
{Heap before GC invocations=35 (full 4):
 PSYoungGen      total 136192K, used 115403K [0x00000007e5d80000, 0x00000007f0480000, 0x00000007f0800000)
  eden space 102400K, 100% used [0x00000007e5d80000,0x00000007ec180000,0x00000007ec180000)
  from space 33792K, 38% used [0x00000007ee380000,0x00000007ef032ea0,0x00000007f0480000)
  to   space 34304K, 0% used [0x00000007ec180000,0x00000007ec180000,0x00000007ee300000)
 ParOldGen       total 195072K, used 98648K [0x00000007d0800000, 0x00000007dc680000, 0x00000007e5d80000)
  object space 195072K, 50% used [0x00000007d0800000,0x00000007d6856268,0x00000007dc680000)
 Metaspace       used 98309K, capacity 105902K, committed 106136K, reserved 1140736K
  class space    used 12643K, capacity 14473K, committed 14512K, reserved 1048576K

